  deferredrenderer.cpp
  filternegative.cpp
  fbo.cpp
  model.cpp
Sources\models\model.cpp(137): warning C4244: 'argument': conversion from 'int' to 'const float', possible loss of data
Sources\models\model.cpp(138): warning C4244: 'argument': conversion from 'int' to 'const float', possible loss of data
Sources\models\model.cpp(139): warning C4244: 'argument': conversion from 'int' to 'const float', possible loss of data
Sources\models\model.cpp(306): warning C4018: '<': signed/unsigned mismatch
  aabb.cpp
  ipostfilter.cpp
  filtercrt.cpp
  filterfxaa.cpp
  filteremboss.cpp
  filtergrain.cpp
  filtergrey.cpp
  filterpixel.cpp
  rendererskybox.cpp
  noisesimplex.cpp
  noiseperlin.cpp
  noiseclassic.cpp
  light.cpp
  attenuation.cpp
  mainrenderer.cpp
  maininstance.cpp
  Generating Code...
  Compiling...
  fog.cpp
  loaders.cpp
  renderer.cpp
  events.cpp
  shader.cpp
Sources\shaders\shader.cpp(245): warning C4305: 'argument': truncation from 'int' to 'const char'
Sources\shaders\shader.cpp(245): warning C4309: 'argument': truncation of constant value
Sources\shaders\shader.cpp(353): warning C4305: 'argument': truncation from 'int' to 'const char'
Sources\shaders\shader.cpp(353): warning C4309: 'argument': truncation of constant value
Sources\shaders\shader.cpp(388): warning C4305: 'argument': truncation from 'int' to 'const char'
Sources\shaders\shader.cpp(388): warning C4309: 'argument': truncation of constant value
  skybox.cpp
  standards.cpp
  driverbounce.cpp
  driverfade.cpp
  driversinwave.cpp
  driverslide.cpp
  driverlinear.cpp
  driverconstant.cpp
  maincamera.cpp
  mainplayer.cpp
  smoothfloat.cpp
  processing.cpp
  processoropengl.cpp
  frustum.cpp
  ray.cpp
  Generating Code...
  Compiling...
  camera.cpp
  glfwupdater.cpp
  joysticks.cpp
  mouse.cpp
  audio.cpp
  framework.cpp
  keyboard.cpp
  colour.cpp
  delta.cpp
  display.cpp
  main.cpp
  matrix2x2.cpp
  matrix3x3.cpp
  matrix4x4.cpp
  quaternion.cpp
  timer.cpp
  vector2.cpp
  vector3.cpp
  vector4.cpp
  sphere.cpp
  Generating Code...
  Compiling...
  processorresource.cpp
  tasks.cpp
  vertexdata.cpp
  texture.cpp
  Generating Code...
  stb_image.c
LINK : warning LNK4098: defaultlib 'LIBCMT' conflicts with use of other libs; use /NODEFAULTLIB:library
glew32s.lib(glew.obj) : warning LNK4099: PDB 'vc120.pdb' was not found with 'glew32s.lib(glew.obj)' or at 'C:\Users\mattp\Documents\Flounder\bin\Debug Win32\vc120.pdb'; linking object as if no debug info
  FlounderCore.vcxproj -> C:\Users\mattp\Documents\Flounder\bin\Debug Win32\FlounderCore.exe
