c:\users\mattp\documents\flounder\outpost-39\bin\debug x64\.objs\vc141.pdb
c:\users\mattp\documents\flounder\outpost-39\bin\debug x64\.objs\managerrender.obj
c:\users\mattp\documents\flounder\outpost-39\bin\debug x64\.objs\mainplayer.obj
c:\users\mattp\documents\flounder\outpost-39\bin\debug x64\.objs\instance.obj
c:\users\mattp\documents\flounder\outpost-39\bin\debug x64\.objs\manageruis.obj
c:\users\mattp\documents\flounder\outpost-39\bin\debug x64\.objs\maincamera.obj
c:\users\mattp\documents\flounder\outpost-39\bin\debug x64\.objs\main.obj
c:\users\mattp\documents\flounder\outpost-39\bin\debug x64\.objs\overlaydebug.obj
c:\users\mattp\documents\flounder\outpost-39\bin\debug x64\.objs\overlaymanager.obj
c:\users\mattp\documents\flounder\outpost-39\bin\debug x64\.objs\aitasklevel.obj
c:\users\mattp\documents\flounder\outpost-39\bin\debug x64\.objs\aitasksleep.obj
c:\users\mattp\documents\flounder\outpost-39\bin\debug x64\.objs\aitaskadventure.obj
c:\users\mattp\documents\flounder\outpost-39\bin\debug x64\.objs\aitasktargetx.obj
c:\users\mattp\documents\flounder\outpost-39\bin\debug x64\.objs\aiplayer.obj
c:\users\mattp\documents\flounder\outpost-39\bin\debug x64\.objs\outpost 39.tlog\cl.command.1.tlog
c:\users\mattp\documents\flounder\outpost-39\bin\debug x64\.objs\outpost 39.tlog\cl.read.1.tlog
c:\users\mattp\documents\flounder\outpost-39\bin\debug x64\.objs\outpost 39.tlog\cl.write.1.tlog
c:\users\mattp\documents\flounder\outpost-39\bin\debug x64\.objs\outpost 39.tlog\link.command.1.tlog
c:\users\mattp\documents\flounder\outpost-39\bin\debug x64\.objs\outpost 39.tlog\link.read.1.tlog
c:\users\mattp\documents\flounder\outpost-39\bin\debug x64\.objs\outpost 39.tlog\link.write.1.tlog
