  deferredrenderer.cpp
c:\users\mattp\documents\flounder\floundercore\sources\deferred\../fbos/fbo.h(6): fatal error C1083: Cannot open include file: 'GL/glew.h': No such file or directory
  filternegative.cpp
c:\users\mattp\documents\flounder\floundercore\sources\post\../fbos/fbo.h(6): fatal error C1083: Cannot open include file: 'GL/glew.h': No such file or directory
  fbo.cpp
c:\users\mattp\documents\flounder\floundercore\sources\fbos\fbo.h(6): fatal error C1083: Cannot open include file: 'GL/glew.h': No such file or directory
  model.cpp
c:\users\mattp\documents\flounder\floundercore\sources\models\model.h(6): fatal error C1083: Cannot open include file: 'GL/glew.h': No such file or directory
  aabb.cpp
  ipostfilter.cpp
c:\users\mattp\documents\flounder\floundercore\sources\post\../fbos/fbo.h(6): fatal error C1083: Cannot open include file: 'GL/glew.h': No such file or directory
  filtercrt.cpp
c:\users\mattp\documents\flounder\floundercore\sources\post\../fbos/fbo.h(6): fatal error C1083: Cannot open include file: 'GL/glew.h': No such file or directory
  filterfxaa.cpp
c:\users\mattp\documents\flounder\floundercore\sources\post\../fbos/fbo.h(6): fatal error C1083: Cannot open include file: 'GL/glew.h': No such file or directory
  filteremboss.cpp
c:\users\mattp\documents\flounder\floundercore\sources\post\../fbos/fbo.h(6): fatal error C1083: Cannot open include file: 'GL/glew.h': No such file or directory
  filtergrain.cpp
c:\users\mattp\documents\flounder\floundercore\sources\post\../fbos/fbo.h(6): fatal error C1083: Cannot open include file: 'GL/glew.h': No such file or directory
  filtergrey.cpp
c:\users\mattp\documents\flounder\floundercore\sources\post\../fbos/fbo.h(6): fatal error C1083: Cannot open include file: 'GL/glew.h': No such file or directory
  filterpixel.cpp
c:\users\mattp\documents\flounder\floundercore\sources\post\filters\../../devices/display.h(5): fatal error C1083: Cannot open include file: 'GL/glew.h': No such file or directory
  rendererskybox.cpp
c:\users\mattp\documents\flounder\floundercore\sources\shaders\../devices/display.h(5): fatal error C1083: Cannot open include file: 'GL/glew.h': No such file or directory
  noisesimplex.cpp
  noiseperlin.cpp
  noiseclassic.cpp
  light.cpp
  attenuation.cpp
  mainrenderer.cpp
c:\users\mattp\documents\flounder\floundercore\sources\shaders\../devices/display.h(5): fatal error C1083: Cannot open include file: 'GL/glew.h': No such file or directory
  maininstance.cpp
c:\users\mattp\documents\flounder\floundercore\sources\shaders\../devices/display.h(5): fatal error C1083: Cannot open include file: 'GL/glew.h': No such file or directory
  Generating Code...
  Compiling...
  fog.cpp
  loaders.cpp
c:\users\mattp\documents\flounder\floundercore\sources\loaders\loaders.h(7): fatal error C1083: Cannot open include file: 'GL\glew.h': No such file or directory
  renderer.cpp
c:\users\mattp\documents\flounder\floundercore\sources\shaders\../devices/display.h(5): fatal error C1083: Cannot open include file: 'GL/glew.h': No such file or directory
  events.cpp
  shader.cpp
c:\users\mattp\documents\flounder\floundercore\sources\shaders\../devices/display.h(5): fatal error C1083: Cannot open include file: 'GL/glew.h': No such file or directory
  skybox.cpp
c:\users\mattp\documents\flounder\floundercore\sources\skybox\../models/model.h(6): fatal error C1083: Cannot open include file: 'GL/glew.h': No such file or directory
  standards.cpp
  driverbounce.cpp
  driverfade.cpp
  driversinwave.cpp
  driverslide.cpp
  driverlinear.cpp
  driverconstant.cpp
  maincamera.cpp
c:\users\mattp\documents\flounder\floundercore\game\../Sources/devices/display.h(5): fatal error C1083: Cannot open include file: 'GL/glew.h': No such file or directory
  mainplayer.cpp
  smoothfloat.cpp
  processing.cpp
  processoropengl.cpp
  frustum.cpp
  ray.cpp
  Generating Code...
  Compiling...
  camera.cpp
  glfwupdater.cpp
c:\users\mattp\documents\flounder\floundercore\sources\framework\glfw\../../devices/audio.h(3): fatal error C1083: Cannot open include file: 'AL/al.h': No such file or directory
  joysticks.cpp
c:\users\mattp\documents\flounder\floundercore\sources\devices\display.h(5): fatal error C1083: Cannot open include file: 'GL/glew.h': No such file or directory
  mouse.cpp
c:\users\mattp\documents\flounder\floundercore\sources\devices\display.h(5): fatal error C1083: Cannot open include file: 'GL/glew.h': No such file or directory
  audio.cpp
c:\users\mattp\documents\flounder\floundercore\sources\devices\audio.h(3): fatal error C1083: Cannot open include file: 'AL/al.h': No such file or directory
  framework.cpp
  keyboard.cpp
c:\users\mattp\documents\flounder\floundercore\sources\devices\display.h(5): fatal error C1083: Cannot open include file: 'GL/glew.h': No such file or directory
  colour.cpp
  delta.cpp
  display.cpp
c:\users\mattp\documents\flounder\floundercore\sources\devices\display.h(5): fatal error C1083: Cannot open include file: 'GL/glew.h': No such file or directory
  main.cpp
c:\users\mattp\documents\flounder\floundercore\sources\framework\glfw\../../devices/audio.h(3): fatal error C1083: Cannot open include file: 'AL/al.h': No such file or directory
  matrix2x2.cpp
  matrix3x3.cpp
  matrix4x4.cpp
  quaternion.cpp
  timer.cpp
  vector2.cpp
  vector3.cpp
  vector4.cpp
  sphere.cpp
  Generating Code...
  Compiling...
  processorresource.cpp
  tasks.cpp
  vertexdata.cpp
  texture.cpp
c:\users\mattp\documents\flounder\floundercore\sources\textures\texture.h(7): fatal error C1083: Cannot open include file: 'GL/glew.h': No such file or directory
  Generating Code...
