  C:\Users\mattp\Documents\Flounder\Flounder-Demo\res\shaders\bounding\bounding.frag
  C:\Users\mattp\Documents\Flounder\Flounder-Demo\res\shaders\bounding\bounding.vert
  C:\Users\mattp\Documents\Flounder\Flounder-Demo\res\shaders\deferred\deferred.frag
  C:\Users\mattp\Documents\Flounder\Flounder-Demo\res\shaders\deferred\deferred.vert
  C:\Users\mattp\Documents\Flounder\Flounder-Demo\res\shaders\entities\entity.frag
  C:\Users\mattp\Documents\Flounder\Flounder-Demo\res\shaders\entities\entity.vert
  C:\Users\mattp\Documents\Flounder\Flounder-Demo\res\shaders\filters\bloom1.frag
  C:\Users\mattp\Documents\Flounder\Flounder-Demo\res\shaders\filters\bloom2.frag
  C:\Users\mattp\Documents\Flounder\Flounder-Demo\res\shaders\filters\blurhorizontal.frag
  C:\Users\mattp\Documents\Flounder\Flounder-Demo\res\shaders\filters\blurvertical.frag
  C:\Users\mattp\Documents\Flounder\Flounder-Demo\res\shaders\filters\combine.frag
  C:\Users\mattp\Documents\Flounder\Flounder-Demo\res\shaders\filters\crt.frag
  C:\Users\mattp\Documents\Flounder\Flounder-Demo\res\shaders\filters\darken.frag
  C:\Users\mattp\Documents\Flounder\Flounder-Demo\res\shaders\filters\default.frag
  C:\Users\mattp\Documents\Flounder\Flounder-Demo\res\shaders\filters\default.vert
  C:\Users\mattp\Documents\Flounder\Flounder-Demo\res\shaders\filters\emboss.frag
  C:\Users\mattp\Documents\Flounder\Flounder-Demo\res\shaders\filters\fxaa.frag
  C:\Users\mattp\Documents\Flounder\Flounder-Demo\res\shaders\filters\grain.frag
  C:\Users\mattp\Documents\Flounder\Flounder-Demo\res\shaders\filters\grey.frag
  C:\Users\mattp\Documents\Flounder\Flounder-Demo\res\shaders\filters\lensflare.frag
  C:\Users\mattp\Documents\Flounder\Flounder-Demo\res\shaders\filters\motion.frag
  C:\Users\mattp\Documents\Flounder\Flounder-Demo\res\shaders\filters\negative.frag
  C:\Users\mattp\Documents\Flounder\Flounder-Demo\res\shaders\filters\pixel.frag
  C:\Users\mattp\Documents\Flounder\Flounder-Demo\res\shaders\filters\sepia.frag
  C:\Users\mattp\Documents\Flounder\Flounder-Demo\res\shaders\filters\tiltshift.frag
  C:\Users\mattp\Documents\Flounder\Flounder-Demo\res\shaders\filters\tone.frag
  C:\Users\mattp\Documents\Flounder\Flounder-Demo\res\shaders\filters\wobble.frag
  C:\Users\mattp\Documents\Flounder\Flounder-Demo\res\shaders\fonts\font.frag
  C:\Users\mattp\Documents\Flounder\Flounder-Demo\res\shaders\fonts\font.vert
  C:\Users\mattp\Documents\Flounder\Flounder-Demo\res\shaders\guis\gui.frag
  C:\Users\mattp\Documents\Flounder\Flounder-Demo\res\shaders\guis\gui.vert
  C:\Users\mattp\Documents\Flounder\Flounder-Demo\res\shaders\particles\particle.frag
  C:\Users\mattp\Documents\Flounder\Flounder-Demo\res\shaders\particles\particle.vert
  C:\Users\mattp\Documents\Flounder\Flounder-Demo\res\shaders\shadows\shadow.frag
  C:\Users\mattp\Documents\Flounder\Flounder-Demo\res\shaders\shadows\shadow.vert
  C:\Users\mattp\Documents\Flounder\Flounder-Demo\res\shaders\skyboxes\skybox.frag
  C:\Users\mattp\Documents\Flounder\Flounder-Demo\res\shaders\skyboxes\skybox.vert
  C:\Users\mattp\Documents\Flounder\Flounder-Demo\res\shaders\terrains\terrain.frag
  C:\Users\mattp\Documents\Flounder\Flounder-Demo\res\shaders\terrains\terrain.vert
  C:\Users\mattp\Documents\Flounder\Flounder-Demo\res\shaders\tests\test.frag
  C:\Users\mattp\Documents\Flounder\Flounder-Demo\res\shaders\tests\test.vert
  C:\Users\mattp\Documents\Flounder\Flounder-Demo\res\shaders\waters\water.frag
  C:\Users\mattp\Documents\Flounder\Flounder-Demo\res\shaders\waters\water.vert
cl : Command line warning D9002: ignoring unknown option '/arch:SSE2'
  overlaymanager.cpp
  overlaydebug.cpp
  main.cpp
  maincamera.cpp
  manageruis.cpp
  instance.cpp
  mainplayer.cpp
  managerrender.cpp
  Generating code
  All 5526 functions were compiled because no usable IPDB/IOBJ from previous compilation was found.
  Finished generating code
  Flounder-Demo.vcxproj -> C:\Users\mattp\Documents\Flounder\Flounder-Demo\.bin\Release x64\Flounder Demo.exe
  C:\Users\mattp\Documents\Flounder\Flounder-Demo\res\cursor.png
  C:\Users\mattp\Documents\Flounder\Flounder-Demo\res\flounder.ico
  C:\Users\mattp\Documents\Flounder\Flounder-Demo\res\flounder.png
  C:\Users\mattp\Documents\Flounder\Flounder-Demo\res\flounder.png.icns
  C:\Users\mattp\Documents\Flounder\Flounder-Demo\res\undefined.png
  C:\Users\mattp\Documents\Flounder\Flounder-Demo\res\fonts\arial.fnt
  C:\Users\mattp\Documents\Flounder\Flounder-Demo\res\fonts\arial.png
  C:\Users\mattp\Documents\Flounder\Flounder-Demo\res\fonts\berlinSans.fnt
  C:\Users\mattp\Documents\Flounder\Flounder-Demo\res\fonts\berlinSans.png
  C:\Users\mattp\Documents\Flounder\Flounder-Demo\res\fonts\cafefrancoise.fnt
  C:\Users\mattp\Documents\Flounder\Flounder-Demo\res\fonts\cafefrancoise.png
  C:\Users\mattp\Documents\Flounder\Flounder-Demo\res\fonts\candara.fnt
  C:\Users\mattp\Documents\Flounder\Flounder-Demo\res\fonts\candara.png
  C:\Users\mattp\Documents\Flounder\Flounder-Demo\res\fonts\segoe.fnt
  C:\Users\mattp\Documents\Flounder\Flounder-Demo\res\fonts\segoe.png
  C:\Users\mattp\Documents\Flounder\Flounder-Demo\res\guis\buttonText.png
  C:\Users\mattp\Documents\Flounder\Flounder-Demo\res\guis\cursor.png
  C:\Users\mattp\Documents\Flounder\Flounder-Demo\res\guis\eg_background.png
  C:\Users\mattp\Documents\Flounder\Flounder-Demo\res\guis\equilibrium_games.png
  C:\Users\mattp\Documents\Flounder\Flounder-Demo\res\models\aabb.obj
  C:\Users\mattp\Documents\Flounder\Flounder-Demo\res\models\cylinder.obj
  C:\Users\mattp\Documents\Flounder\Flounder-Demo\res\models\filter.obj
  C:\Users\mattp\Documents\Flounder\Flounder-Demo\res\models\rectangle.obj
  C:\Users\mattp\Documents\Flounder\Flounder-Demo\res\models\sphere.obj
  C:\Users\mattp\Documents\Flounder\Flounder-Demo\res\particles\blueParticle.png
  C:\Users\mattp\Documents\Flounder\Flounder-Demo\res\particles\greenParticle.png
  C:\Users\mattp\Documents\Flounder\Flounder-Demo\res\particles\purpleParticle.png
  C:\Users\mattp\Documents\Flounder\Flounder-Demo\res\particles\redParticle.png
  C:\Users\mattp\Documents\Flounder\Flounder-Demo\res\particles\yellowParticle.png
  C:\Users\mattp\Documents\Flounder\Flounder-Demo\res\shaders\bounding\bounding.frag
  C:\Users\mattp\Documents\Flounder\Flounder-Demo\res\shaders\bounding\bounding.frag.spv
  C:\Users\mattp\Documents\Flounder\Flounder-Demo\res\shaders\bounding\bounding.vert
  C:\Users\mattp\Documents\Flounder\Flounder-Demo\res\shaders\bounding\bounding.vert.spv
  C:\Users\mattp\Documents\Flounder\Flounder-Demo\res\shaders\deferred\deferred.frag
  C:\Users\mattp\Documents\Flounder\Flounder-Demo\res\shaders\deferred\deferred.frag.spv
  C:\Users\mattp\Documents\Flounder\Flounder-Demo\res\shaders\deferred\deferred.vert
  C:\Users\mattp\Documents\Flounder\Flounder-Demo\res\shaders\deferred\deferred.vert.spv
  C:\Users\mattp\Documents\Flounder\Flounder-Demo\res\shaders\entities\entity.frag
  C:\Users\mattp\Documents\Flounder\Flounder-Demo\res\shaders\entities\entity.frag.spv
  C:\Users\mattp\Documents\Flounder\Flounder-Demo\res\shaders\entities\entity.vert
  C:\Users\mattp\Documents\Flounder\Flounder-Demo\res\shaders\entities\entity.vert.spv
  C:\Users\mattp\Documents\Flounder\Flounder-Demo\res\shaders\filters\bloom1.frag
  C:\Users\mattp\Documents\Flounder\Flounder-Demo\res\shaders\filters\bloom1.frag.spv
  C:\Users\mattp\Documents\Flounder\Flounder-Demo\res\shaders\filters\bloom2.frag
  C:\Users\mattp\Documents\Flounder\Flounder-Demo\res\shaders\filters\bloom2.frag.spv
  C:\Users\mattp\Documents\Flounder\Flounder-Demo\res\shaders\filters\blurhorizontal.frag
  C:\Users\mattp\Documents\Flounder\Flounder-Demo\res\shaders\filters\blurhorizontal.frag.spv
  C:\Users\mattp\Documents\Flounder\Flounder-Demo\res\shaders\filters\blurvertical.frag
  C:\Users\mattp\Documents\Flounder\Flounder-Demo\res\shaders\filters\blurvertical.frag.spv
  C:\Users\mattp\Documents\Flounder\Flounder-Demo\res\shaders\filters\combine.frag
  C:\Users\mattp\Documents\Flounder\Flounder-Demo\res\shaders\filters\combine.frag.spv
  C:\Users\mattp\Documents\Flounder\Flounder-Demo\res\shaders\filters\crt.frag
  C:\Users\mattp\Documents\Flounder\Flounder-Demo\res\shaders\filters\crt.frag.spv
  C:\Users\mattp\Documents\Flounder\Flounder-Demo\res\shaders\filters\darken.frag
  C:\Users\mattp\Documents\Flounder\Flounder-Demo\res\shaders\filters\darken.frag.spv
  C:\Users\mattp\Documents\Flounder\Flounder-Demo\res\shaders\filters\default.frag
  C:\Users\mattp\Documents\Flounder\Flounder-Demo\res\shaders\filters\default.frag.spv
  C:\Users\mattp\Documents\Flounder\Flounder-Demo\res\shaders\filters\default.vert
  C:\Users\mattp\Documents\Flounder\Flounder-Demo\res\shaders\filters\default.vert.spv
  C:\Users\mattp\Documents\Flounder\Flounder-Demo\res\shaders\filters\emboss.frag
  C:\Users\mattp\Documents\Flounder\Flounder-Demo\res\shaders\filters\emboss.frag.spv
  C:\Users\mattp\Documents\Flounder\Flounder-Demo\res\shaders\filters\fxaa.frag
  C:\Users\mattp\Documents\Flounder\Flounder-Demo\res\shaders\filters\fxaa.frag.spv
  C:\Users\mattp\Documents\Flounder\Flounder-Demo\res\shaders\filters\grain.frag
  C:\Users\mattp\Documents\Flounder\Flounder-Demo\res\shaders\filters\grain.frag.spv
  C:\Users\mattp\Documents\Flounder\Flounder-Demo\res\shaders\filters\grey.frag
  C:\Users\mattp\Documents\Flounder\Flounder-Demo\res\shaders\filters\grey.frag.spv
  C:\Users\mattp\Documents\Flounder\Flounder-Demo\res\shaders\filters\lensflare.frag
  C:\Users\mattp\Documents\Flounder\Flounder-Demo\res\shaders\filters\lensflare.frag.spv
  C:\Users\mattp\Documents\Flounder\Flounder-Demo\res\shaders\filters\motion.frag
  C:\Users\mattp\Documents\Flounder\Flounder-Demo\res\shaders\filters\motion.frag.spv
  C:\Users\mattp\Documents\Flounder\Flounder-Demo\res\shaders\filters\negative.frag
  C:\Users\mattp\Documents\Flounder\Flounder-Demo\res\shaders\filters\negative.frag.spv
  C:\Users\mattp\Documents\Flounder\Flounder-Demo\res\shaders\filters\pixel.frag
  C:\Users\mattp\Documents\Flounder\Flounder-Demo\res\shaders\filters\pixel.frag.spv
  C:\Users\mattp\Documents\Flounder\Flounder-Demo\res\shaders\filters\sepia.frag
  C:\Users\mattp\Documents\Flounder\Flounder-Demo\res\shaders\filters\sepia.frag.spv
  C:\Users\mattp\Documents\Flounder\Flounder-Demo\res\shaders\filters\tiltshift.frag
  C:\Users\mattp\Documents\Flounder\Flounder-Demo\res\shaders\filters\tiltshift.frag.spv
  C:\Users\mattp\Documents\Flounder\Flounder-Demo\res\shaders\filters\tone.frag
  C:\Users\mattp\Documents\Flounder\Flounder-Demo\res\shaders\filters\tone.frag.spv
  C:\Users\mattp\Documents\Flounder\Flounder-Demo\res\shaders\filters\wobble.frag
  C:\Users\mattp\Documents\Flounder\Flounder-Demo\res\shaders\filters\wobble.frag.spv
  C:\Users\mattp\Documents\Flounder\Flounder-Demo\res\shaders\fonts\font.frag
  C:\Users\mattp\Documents\Flounder\Flounder-Demo\res\shaders\fonts\font.frag.spv
  C:\Users\mattp\Documents\Flounder\Flounder-Demo\res\shaders\fonts\font.vert
  C:\Users\mattp\Documents\Flounder\Flounder-Demo\res\shaders\fonts\font.vert.spv
  C:\Users\mattp\Documents\Flounder\Flounder-Demo\res\shaders\guis\gui.frag
  C:\Users\mattp\Documents\Flounder\Flounder-Demo\res\shaders\guis\gui.frag.spv
  C:\Users\mattp\Documents\Flounder\Flounder-Demo\res\shaders\guis\gui.vert
  C:\Users\mattp\Documents\Flounder\Flounder-Demo\res\shaders\guis\gui.vert.spv
  C:\Users\mattp\Documents\Flounder\Flounder-Demo\res\shaders\particles\particle.frag
  C:\Users\mattp\Documents\Flounder\Flounder-Demo\res\shaders\particles\particle.frag.spv
  C:\Users\mattp\Documents\Flounder\Flounder-Demo\res\shaders\particles\particle.vert
  C:\Users\mattp\Documents\Flounder\Flounder-Demo\res\shaders\particles\particle.vert.spv
  C:\Users\mattp\Documents\Flounder\Flounder-Demo\res\shaders\shadows\shadow.frag
  C:\Users\mattp\Documents\Flounder\Flounder-Demo\res\shaders\shadows\shadow.frag.spv
  C:\Users\mattp\Documents\Flounder\Flounder-Demo\res\shaders\shadows\shadow.vert
  C:\Users\mattp\Documents\Flounder\Flounder-Demo\res\shaders\shadows\shadow.vert.spv
  C:\Users\mattp\Documents\Flounder\Flounder-Demo\res\shaders\skyboxes\skybox.frag
  C:\Users\mattp\Documents\Flounder\Flounder-Demo\res\shaders\skyboxes\skybox.frag.spv
  C:\Users\mattp\Documents\Flounder\Flounder-Demo\res\shaders\skyboxes\skybox.vert
  C:\Users\mattp\Documents\Flounder\Flounder-Demo\res\shaders\skyboxes\skybox.vert.spv
  C:\Users\mattp\Documents\Flounder\Flounder-Demo\res\shaders\terrains\terrain.frag
  C:\Users\mattp\Documents\Flounder\Flounder-Demo\res\shaders\terrains\terrain.frag.spv
  C:\Users\mattp\Documents\Flounder\Flounder-Demo\res\shaders\terrains\terrain.vert
  C:\Users\mattp\Documents\Flounder\Flounder-Demo\res\shaders\terrains\terrain.vert.spv
  C:\Users\mattp\Documents\Flounder\Flounder-Demo\res\shaders\tests\test.frag
  C:\Users\mattp\Documents\Flounder\Flounder-Demo\res\shaders\tests\test.frag.spv
  C:\Users\mattp\Documents\Flounder\Flounder-Demo\res\shaders\tests\test.vert
  C:\Users\mattp\Documents\Flounder\Flounder-Demo\res\shaders\tests\test.vert.spv
  C:\Users\mattp\Documents\Flounder\Flounder-Demo\res\shaders\waters\water.frag
  C:\Users\mattp\Documents\Flounder\Flounder-Demo\res\shaders\waters\water.frag.spv
  C:\Users\mattp\Documents\Flounder\Flounder-Demo\res\shaders\waters\water.vert
  C:\Users\mattp\Documents\Flounder\Flounder-Demo\res\shaders\waters\water.vert.spv
  C:\Users\mattp\Documents\Flounder\Flounder-Demo\res\skybox\skyboxCube.obj
  C:\Users\mattp\Documents\Flounder\Flounder-Demo\res\skybox\skyboxSphere.obj
  C:\Users\mattp\Documents\Flounder\Flounder-Demo\res\skybox\starsBack.png
  C:\Users\mattp\Documents\Flounder\Flounder-Demo\res\skybox\starsBottom.png
  C:\Users\mattp\Documents\Flounder\Flounder-Demo\res\skybox\starsFront.png
  C:\Users\mattp\Documents\Flounder\Flounder-Demo\res\skybox\starsLeft.png
  C:\Users\mattp\Documents\Flounder\Flounder-Demo\res\skybox\starsRight.png
  C:\Users\mattp\Documents\Flounder\Flounder-Demo\res\skybox\starsTop.png
  C:\Users\mattp\Documents\Flounder\Flounder-Demo\res\sponza\bump.jpg
  C:\Users\mattp\Documents\Flounder\Flounder-Demo\res\sponza\color.jpg
  C:\Users\mattp\Documents\Flounder\Flounder-Demo\res\sponza\COPYRIGHT.txt
  C:\Users\mattp\Documents\Flounder\Flounder-Demo\res\sponza\normal.png
  C:\Users\mattp\Documents\Flounder\Flounder-Demo\res\sponza\sponza.obj
  C:\Users\mattp\Documents\Flounder\Flounder-Demo\res\sponza_full\sponza.mtl
  C:\Users\mattp\Documents\Flounder\Flounder-Demo\res\sponza_full\sponza.obj
  C:\Users\mattp\Documents\Flounder\Flounder-Demo\res\sponza_full\textures\background.tga
  C:\Users\mattp\Documents\Flounder\Flounder-Demo\res\sponza_full\textures\background_ddn.tga
  C:\Users\mattp\Documents\Flounder\Flounder-Demo\res\sponza_full\textures\background_ddn.tif
  C:\Users\mattp\Documents\Flounder\Flounder-Demo\res\sponza_full\textures\chain_texture.tga
  C:\Users\mattp\Documents\Flounder\Flounder-Demo\res\sponza_full\textures\chain_texture_ddn.tga
  C:\Users\mattp\Documents\Flounder\Flounder-Demo\res\sponza_full\textures\chain_texture_mask.tga
  C:\Users\mattp\Documents\Flounder\Flounder-Demo\res\sponza_full\textures\gi_flag.tga
  C:\Users\mattp\Documents\Flounder\Flounder-Demo\res\sponza_full\textures\lion.tga
  C:\Users\mattp\Documents\Flounder\Flounder-Demo\res\sponza_full\textures\lion2_ddn.tga
  C:\Users\mattp\Documents\Flounder\Flounder-Demo\res\sponza_full\textures\lion_ddn.tga
  C:\Users\mattp\Documents\Flounder\Flounder-Demo\res\sponza_full\textures\spnza_bricks_a_ddn.tga
  C:\Users\mattp\Documents\Flounder\Flounder-Demo\res\sponza_full\textures\spnza_bricks_a_diff.tga
  C:\Users\mattp\Documents\Flounder\Flounder-Demo\res\sponza_full\textures\spnza_bricks_a_spec.tga
  C:\Users\mattp\Documents\Flounder\Flounder-Demo\res\sponza_full\textures\sponza_arch_ddn.tga
  C:\Users\mattp\Documents\Flounder\Flounder-Demo\res\sponza_full\textures\sponza_arch_diff.tga
  C:\Users\mattp\Documents\Flounder\Flounder-Demo\res\sponza_full\textures\sponza_arch_spec.tga
  C:\Users\mattp\Documents\Flounder\Flounder-Demo\res\sponza_full\textures\sponza_ceiling_a_diff.tga
  C:\Users\mattp\Documents\Flounder\Flounder-Demo\res\sponza_full\textures\sponza_ceiling_a_spec.tga
  C:\Users\mattp\Documents\Flounder\Flounder-Demo\res\sponza_full\textures\sponza_column_a_ddn.tga
  C:\Users\mattp\Documents\Flounder\Flounder-Demo\res\sponza_full\textures\sponza_column_a_diff.tga
  C:\Users\mattp\Documents\Flounder\Flounder-Demo\res\sponza_full\textures\sponza_column_a_spec.tga
  C:\Users\mattp\Documents\Flounder\Flounder-Demo\res\sponza_full\textures\sponza_column_b_ddn.tga
  C:\Users\mattp\Documents\Flounder\Flounder-Demo\res\sponza_full\textures\sponza_column_b_diff.tga
  C:\Users\mattp\Documents\Flounder\Flounder-Demo\res\sponza_full\textures\sponza_column_b_spec.tga
  C:\Users\mattp\Documents\Flounder\Flounder-Demo\res\sponza_full\textures\sponza_column_c_ddn.tga
  C:\Users\mattp\Documents\Flounder\Flounder-Demo\res\sponza_full\textures\sponza_column_c_diff.tga
  C:\Users\mattp\Documents\Flounder\Flounder-Demo\res\sponza_full\textures\sponza_column_c_spec.tga
  C:\Users\mattp\Documents\Flounder\Flounder-Demo\res\sponza_full\textures\sponza_curtain_blue_diff.tga
  C:\Users\mattp\Documents\Flounder\Flounder-Demo\res\sponza_full\textures\sponza_curtain_diff.tga
  C:\Users\mattp\Documents\Flounder\Flounder-Demo\res\sponza_full\textures\sponza_curtain_green_diff.tga
  C:\Users\mattp\Documents\Flounder\Flounder-Demo\res\sponza_full\textures\sponza_details_diff.tga
  C:\Users\mattp\Documents\Flounder\Flounder-Demo\res\sponza_full\textures\sponza_details_spec.tga
  C:\Users\mattp\Documents\Flounder\Flounder-Demo\res\sponza_full\textures\sponza_fabric_blue_diff.tga
  C:\Users\mattp\Documents\Flounder\Flounder-Demo\res\sponza_full\textures\sponza_fabric_diff.tga
  C:\Users\mattp\Documents\Flounder\Flounder-Demo\res\sponza_full\textures\sponza_fabric_green_diff.tga
  C:\Users\mattp\Documents\Flounder\Flounder-Demo\res\sponza_full\textures\sponza_fabric_spec.tga
  C:\Users\mattp\Documents\Flounder\Flounder-Demo\res\sponza_full\textures\sponza_flagpole_diff.tga
  C:\Users\mattp\Documents\Flounder\Flounder-Demo\res\sponza_full\textures\sponza_flagpole_spec.tga
  C:\Users\mattp\Documents\Flounder\Flounder-Demo\res\sponza_full\textures\sponza_floor_a_diff.tga
  C:\Users\mattp\Documents\Flounder\Flounder-Demo\res\sponza_full\textures\sponza_floor_a_spec.tga
  C:\Users\mattp\Documents\Flounder\Flounder-Demo\res\sponza_full\textures\sponza_roof_diff.tga
  C:\Users\mattp\Documents\Flounder\Flounder-Demo\res\sponza_full\textures\sponza_thorn_ddn.tga
  C:\Users\mattp\Documents\Flounder\Flounder-Demo\res\sponza_full\textures\sponza_thorn_diff.tga
  C:\Users\mattp\Documents\Flounder\Flounder-Demo\res\sponza_full\textures\sponza_thorn_mask.tga
  C:\Users\mattp\Documents\Flounder\Flounder-Demo\res\sponza_full\textures\sponza_thorn_spec.tga
  C:\Users\mattp\Documents\Flounder\Flounder-Demo\res\sponza_full\textures\Thumbs.db
  C:\Users\mattp\Documents\Flounder\Flounder-Demo\res\sponza_full\textures\vase_ddn.tga
  C:\Users\mattp\Documents\Flounder\Flounder-Demo\res\sponza_full\textures\vase_dif.tga
  C:\Users\mattp\Documents\Flounder\Flounder-Demo\res\sponza_full\textures\vase_hanging.tga
  C:\Users\mattp\Documents\Flounder\Flounder-Demo\res\sponza_full\textures\vase_plant.tga
  C:\Users\mattp\Documents\Flounder\Flounder-Demo\res\sponza_full\textures\vase_plant_mask.tga
  C:\Users\mattp\Documents\Flounder\Flounder-Demo\res\sponza_full\textures\vase_plant_spec.tga
  C:\Users\mattp\Documents\Flounder\Flounder-Demo\res\sponza_full\textures\vase_round.tga
  C:\Users\mattp\Documents\Flounder\Flounder-Demo\res\sponza_full\textures\vase_round_ddn.tga
  C:\Users\mattp\Documents\Flounder\Flounder-Demo\res\sponza_full\textures\vase_round_spec.tga
  185 File(s) copied
  0 File(s) copied
  C:\Users\mattp\Documents\Flounder\external\dlls\glfw3.dll
  C:\Users\mattp\Documents\Flounder\external\dlls\soft_oal.dll
  2 File(s) copied
