  Camera.cpp
  RendererDeferred.cpp
  Audio.cpp
  Display.cpp
  Joysticks.cpp
  Keyboard.cpp
  Mouse.cpp
  Engine.cpp
  Entity.cpp
  ComponentAlpha.cpp
  EventChange.cpp
  EventStandard.cpp
  EventTime.cpp
  Events.cpp
  Fbo.cpp
  Character.cpp
  FontType.cpp
  Line.cpp
  Metafile.cpp
  RendererFonts.cpp
  Generating Code...
  Compiling...
  Text.cpp
  Word.cpp
  Gui.cpp
  RendererGuis.cpp
  AxisButton.cpp
  AxisCompound.cpp
  AxisJoystick.cpp
  ButtonCompound.cpp
  ButtonJoystick.cpp
  ButtonKeyboard.cpp
  ButtonMouse.cpp
  Attenuation.cpp
  Fog.cpp
  Light.cpp
  Colour.cpp
  Delta.cpp
  Matrix2.cpp
  Matrix3.cpp
  Matrix4.cpp
  Quaternion.cpp
  Generating Code...
  Compiling...
  Timer.cpp
  Transform.cpp
  Vector2.cpp
  Vector3.cpp
  Vector4.cpp
  Model.cpp
  VertexData.cpp
  NoiseFast.cpp
  Particle.cpp
  ParticleSystem.cpp
  ParticleType.cpp
  Particles.cpp
  RendererParticles.cpp
  SpawnCircle.cpp
  SpawnLine.cpp
  SpawnPoint.cpp
  SpawnSphere.cpp
  Aabb.cpp
  Frustum.cpp
  Ray.cpp
  Generating Code...
  Compiling...
  Sphere.cpp
  GlfwUpdater.cpp
  IPostFilter.cpp
  IPostPipeline.cpp
  FilterBloom1.cpp
  FilterBloom2.cpp
  FilterBlurHorizontal.cpp
