  C:\Users\mattp\Documents\Flounder\Flounder-Demo\res\shaders\bounding\bounding.frag
  C:\Users\mattp\Documents\Flounder\Flounder-Demo\res\shaders\bounding\bounding.vert
  C:\Users\mattp\Documents\Flounder\Flounder-Demo\res\shaders\deferred\deferred.frag
  C:\Users\mattp\Documents\Flounder\Flounder-Demo\res\shaders\deferred\deferred.vert
  C:\Users\mattp\Documents\Flounder\Flounder-Demo\res\shaders\entities\entity.frag
  C:\Users\mattp\Documents\Flounder\Flounder-Demo\res\shaders\entities\entity.vert
  C:\Users\mattp\Documents\Flounder\Flounder-Demo\res\shaders\filters\bloom1.frag
  C:\Users\mattp\Documents\Flounder\Flounder-Demo\res\shaders\filters\bloom2.frag
  C:\Users\mattp\Documents\Flounder\Flounder-Demo\res\shaders\filters\blurhorizontal.frag
  C:\Users\mattp\Documents\Flounder\Flounder-Demo\res\shaders\filters\blurvertical.frag
  C:\Users\mattp\Documents\Flounder\Flounder-Demo\res\shaders\filters\combine.frag
  C:\Users\mattp\Documents\Flounder\Flounder-Demo\res\shaders\filters\crt.frag
  C:\Users\mattp\Documents\Flounder\Flounder-Demo\res\shaders\filters\darken.frag
  C:\Users\mattp\Documents\Flounder\Flounder-Demo\res\shaders\filters\default.frag
  C:\Users\mattp\Documents\Flounder\Flounder-Demo\res\shaders\filters\default.vert
  C:\Users\mattp\Documents\Flounder\Flounder-Demo\res\shaders\filters\emboss.frag
  C:\Users\mattp\Documents\Flounder\Flounder-Demo\res\shaders\filters\fxaa.frag
  C:\Users\mattp\Documents\Flounder\Flounder-Demo\res\shaders\filters\grain.frag
  C:\Users\mattp\Documents\Flounder\Flounder-Demo\res\shaders\filters\grey.frag
  C:\Users\mattp\Documents\Flounder\Flounder-Demo\res\shaders\filters\lensflare.frag
  C:\Users\mattp\Documents\Flounder\Flounder-Demo\res\shaders\filters\motion.frag
  C:\Users\mattp\Documents\Flounder\Flounder-Demo\res\shaders\filters\negative.frag
  C:\Users\mattp\Documents\Flounder\Flounder-Demo\res\shaders\filters\pixel.frag
  C:\Users\mattp\Documents\Flounder\Flounder-Demo\res\shaders\filters\sepia.frag
  C:\Users\mattp\Documents\Flounder\Flounder-Demo\res\shaders\filters\tiltshift.frag
  C:\Users\mattp\Documents\Flounder\Flounder-Demo\res\shaders\filters\tone.frag
  C:\Users\mattp\Documents\Flounder\Flounder-Demo\res\shaders\filters\wobble.frag
  C:\Users\mattp\Documents\Flounder\Flounder-Demo\res\shaders\fonts\font.frag
  C:\Users\mattp\Documents\Flounder\Flounder-Demo\res\shaders\fonts\font.vert
  C:\Users\mattp\Documents\Flounder\Flounder-Demo\res\shaders\guis\gui.frag
  C:\Users\mattp\Documents\Flounder\Flounder-Demo\res\shaders\guis\gui.vert
  C:\Users\mattp\Documents\Flounder\Flounder-Demo\res\shaders\particles\particle.frag
  C:\Users\mattp\Documents\Flounder\Flounder-Demo\res\shaders\particles\particle.vert
  C:\Users\mattp\Documents\Flounder\Flounder-Demo\res\shaders\shadows\shadow.frag
  C:\Users\mattp\Documents\Flounder\Flounder-Demo\res\shaders\shadows\shadow.vert
  C:\Users\mattp\Documents\Flounder\Flounder-Demo\res\shaders\skyboxes\skybox.frag
  C:\Users\mattp\Documents\Flounder\Flounder-Demo\res\shaders\skyboxes\skybox.vert
  C:\Users\mattp\Documents\Flounder\Flounder-Demo\res\shaders\terrains\terrain.frag
  C:\Users\mattp\Documents\Flounder\Flounder-Demo\res\shaders\terrains\terrain.vert
  C:\Users\mattp\Documents\Flounder\Flounder-Demo\res\shaders\tests\test.frag
  C:\Users\mattp\Documents\Flounder\Flounder-Demo\res\shaders\tests\test.vert
  C:\Users\mattp\Documents\Flounder\Flounder-Demo\res\shaders\waters\water.frag
  C:\Users\mattp\Documents\Flounder\Flounder-Demo\res\shaders\waters\water.vert
  instance.cpp
  main.cpp
  maincamera.cpp
  mainplayer.cpp
  managerrender.cpp
  manageruis.cpp
  overlaydebug.cpp
  overlaymanager.cpp
  Generating Code...
  Flounder-Demo.vcxproj -> C:\Users\mattp\Documents\Flounder\Flounder-Demo\.bin\Debug x64\Flounder Demo.exe
