  updaterglfw.cpp
c:\users\mattp\documents\flounder c++\new kosmos\module.h(19): warning C4091: 'static ': ignored on left of 'flounder::module::updateflag' when no variable is declared
c:\users\mattp\documents\flounder c++\new kosmos\module.h(71): warning C4018: '<': signed/unsigned mismatch
c:\users\mattp\documents\flounder c++\new kosmos\framework.h(59): error C2061: syntax error: identifier 'updaterglfw'
c:\users\mattp\documents\flounder c++\new kosmos\framework.h(169): warning C4244: 'argument': conversion from 'int' to 'float', possible loss of data
c:\users\mattp\documents\flounder c++\new kosmos\updaterglfw.cpp(13): warning C4305: 'argument': truncation from 'double' to 'float'
c:\users\mattp\documents\flounder c++\new kosmos\updaterglfw.cpp(14): warning C4244: 'argument': conversion from 'double' to 'float', possible loss of data
c:\users\mattp\documents\flounder c++\new kosmos\updaterglfw.cpp(36): warning C4018: '<': signed/unsigned mismatch
c:\users\mattp\documents\flounder c++\new kosmos\updaterglfw.cpp(51): warning C4018: '<': signed/unsigned mismatch
c:\users\mattp\documents\flounder c++\new kosmos\updaterglfw.cpp(67): warning C4018: '<': signed/unsigned mismatch
c:\users\mattp\documents\flounder c++\new kosmos\updaterglfw.cpp(74): warning C4018: '<': signed/unsigned mismatch
c:\users\mattp\documents\flounder c++\new kosmos\updaterglfw.cpp(91): warning C4018: '<': signed/unsigned mismatch
c:\users\mattp\documents\flounder c++\new kosmos\updaterglfw.cpp(128): warning C4244: 'return': conversion from 'double' to 'float', possible loss of data
c:\users\mattp\documents\flounder c++\new kosmos\updaterglfw.cpp(133): warning C4244: 'return': conversion from 'double' to 'float', possible loss of data
c:\users\mattp\documents\flounder c++\new kosmos\updaterglfw.cpp(143): warning C4244: 'return': conversion from 'double' to 'float', possible loss of data
  kosmos.cpp
c:\users\mattp\documents\flounder c++\new kosmos\module.h(19): warning C4091: 'static ': ignored on left of 'flounder::module::updateflag' when no variable is declared
c:\users\mattp\documents\flounder c++\new kosmos\module.h(71): warning C4018: '<': signed/unsigned mismatch
c:\users\mattp\documents\flounder c++\new kosmos\framework.h(169): warning C4244: 'argument': conversion from 'int' to 'float', possible loss of data
c:\users\mattp\documents\flounder c++\new kosmos\kosmos.cpp(12): error C2061: syntax error: identifier 'framework'
c:\users\mattp\documents\flounder c++\new kosmos\kosmos.cpp(12): error C2530: 'framework': references must be initialized
c:\users\mattp\documents\flounder c++\new kosmos\kosmos.cpp(13): error C2819: type 'flounder::framework' does not have an overloaded member 'operator ->'
  c:\users\mattp\documents\flounder c++\new kosmos\framework.h(19): note: see declaration of 'flounder::framework'
  c:\users\mattp\documents\flounder c++\new kosmos\kosmos.cpp(13): note: did you intend to use '.' instead?
c:\users\mattp\documents\flounder c++\new kosmos\kosmos.cpp(13): error C2039: 'run': is not a member of 'flounder::framework'
  c:\users\mattp\documents\flounder c++\new kosmos\framework.h(19): note: see declaration of 'flounder::framework'
  display.cpp
c:\users\mattp\documents\flounder c++\new kosmos\module.h(19): warning C4091: 'static ': ignored on left of 'flounder::module::updateflag' when no variable is declared
c:\users\mattp\documents\flounder c++\new kosmos\module.h(71): warning C4018: '<': signed/unsigned mismatch
c:\users\mattp\documents\flounder c++\new kosmos\framework.h(169): warning C4244: 'argument': conversion from 'int' to 'float', possible loss of data
  Generating Code...
