  aiplayer.cpp
c:\users\mattp\documents\flounder\flounder-core\src\devices/audio.h(11): fatal error C1083: Cannot open include file: 'gorilla/ga.h': No such file or directory
  aitasktargetx.cpp
c:\users\mattp\documents\flounder\flounder-core\src\devices/audio.h(11): fatal error C1083: Cannot open include file: 'gorilla/ga.h': No such file or directory
  aitaskadventure.cpp
c:\users\mattp\documents\flounder\flounder-core\src\devices/audio.h(11): fatal error C1083: Cannot open include file: 'gorilla/ga.h': No such file or directory
  aitasksleep.cpp
c:\users\mattp\documents\flounder\flounder-core\src\devices/audio.h(11): fatal error C1083: Cannot open include file: 'gorilla/ga.h': No such file or directory
  aitasklevel.cpp
c:\users\mattp\documents\flounder\flounder-core\src\devices/audio.h(11): fatal error C1083: Cannot open include file: 'gorilla/ga.h': No such file or directory
  overlaymanager.cpp
c:\users\mattp\documents\flounder\flounder-core\src\devices/audio.h(11): fatal error C1083: Cannot open include file: 'gorilla/ga.h': No such file or directory
  overlaydebug.cpp
c:\users\mattp\documents\flounder\flounder-core\src\devices/audio.h(11): fatal error C1083: Cannot open include file: 'gorilla/ga.h': No such file or directory
  main.cpp
c:\users\mattp\documents\flounder\flounder-core\src\devices/audio.h(11): fatal error C1083: Cannot open include file: 'gorilla/ga.h': No such file or directory
  maincamera.cpp
c:\users\mattp\documents\flounder\flounder-core\src\devices/audio.h(11): fatal error C1083: Cannot open include file: 'gorilla/ga.h': No such file or directory
  manageruis.cpp
c:\users\mattp\documents\flounder\flounder-core\src\devices/audio.h(11): fatal error C1083: Cannot open include file: 'gorilla/ga.h': No such file or directory
  instance.cpp
c:\users\mattp\documents\flounder\flounder-core\src\devices/audio.h(11): fatal error C1083: Cannot open include file: 'gorilla/ga.h': No such file or directory
  mainplayer.cpp
c:\users\mattp\documents\flounder\flounder-core\src\devices/audio.h(11): fatal error C1083: Cannot open include file: 'gorilla/ga.h': No such file or directory
  managerrender.cpp
c:\users\mattp\documents\flounder\flounder-core\src\devices/audio.h(11): fatal error C1083: Cannot open include file: 'gorilla/ga.h': No such file or directory
  Generating Code...
